#
# A fatal error has been detected by the Java Runtime Environment:
#
#  Internal Error (./open/src/hotspot/share/interpreter/oopMapCache.cpp:111), pid=16168, tid=30052
#  Error: ShouldNotReachHere()
#
# JRE version: OpenJDK Runtime Environment (14.0.2+12) (build 14.0.2+12-46)
# Java VM: OpenJDK 64-Bit Server VM (14.0.2+12-46, mixed mode, tiered, compressed oops, g1 gc, windows-amd64)
# No core dump will be written. Minidumps are not enabled by default on client versions of Windows
#
# If you would like to submit a bug report, please visit:
#   https://bugreport.java.com/bugreport/crash.jsp
#

---------------  S U M M A R Y ------------

Command Line: -XX:+ShowCodeDetailsInExceptionMessages -agentlib:jdwp=transport=dt_socket,suspend=y,address=localhost:57881 -javaagent:C:\Users\HP\eclipse\jee-2020-09\eclipse\configuration\org.eclipse.osgi\406\0\.cp\lib\javaagent-shaded.jar -Dfile.encoding=Cp1252 com.ipartek.apps.AppPerreras

Host: Intel(R) Core(TM) i3-8130U CPU @ 2.20GHz, 4 cores, 7G,  Windows 10 , 64 bit Build 19041 (10.0.19041.546)
Time: Sun Nov  1 16:02:39 2020 Hora estándar romance elapsed time: 12284 seconds (0d 3h 24m 44s)

---------------  T H R E A D  ---------------

Current thread (0x000001e820d56000):  JavaThread "JDWP Transport Listener: dt_socket" daemon [_thread_in_vm, id=30052, stack(0x0000009f89100000,0x0000009f89200000)] _threads_hazard_ptr=0x000001e821310210

Stack: [0x0000009f89100000,0x0000009f89200000]
Native frames: (J=compiled Java code, j=interpreted, Vv=VM code, C=native code)
V  [jvm.dll+0x5f8a9a]
V  [jvm.dll+0x74247a]
V  [jvm.dll+0x743c2f]
V  [jvm.dll+0x744227]
V  [jvm.dll+0x20d20c]
V  [jvm.dll+0x20d173]
V  [jvm.dll+0x5e7b7f]
V  [jvm.dll+0x5e78dd]
V  [jvm.dll+0x5af8e3]
V  [jvm.dll+0x739aef]
V  [jvm.dll+0x4bee61]
V  [jvm.dll+0x74908b]
V  [jvm.dll+0x4a54ee]
V  [jvm.dll+0x46ee7b]
C  [jdwp.dll+0x7bbc]


---------------  P R O C E S S  ---------------

Threads class SMR info:
_java_thread_list=0x000001e821310210, length=14, elements={
0x000001e806533800, 0x000001e8201bf800, 0x000001e8209d0800, 0x000001e820a0d800,
0x000001e820a0f800, 0x000001e820a10800, 0x000001e820a12800, 0x000001e820a15800,
0x000001e820a17000, 0x000001e820ab0800, 0x000001e820d56000, 0x000001e820ca1800,
0x000001e820ca2800, 0x000001e821319000
}

Java Threads: ( => current thread )
  0x000001e806533800 JavaThread "main" [_thread_blocked, id=26628, stack(0x0000009f88000000,0x0000009f88100000)]
  0x000001e8201bf800 JavaThread "Reference Handler" daemon [_thread_blocked, id=27088, stack(0x0000009f88700000,0x0000009f88800000)]
  0x000001e8209d0800 JavaThread "Finalizer" daemon [_thread_blocked, id=31196, stack(0x0000009f88800000,0x0000009f88900000)]
  0x000001e820a0d800 JavaThread "Signal Dispatcher" daemon [_thread_blocked, id=20128, stack(0x0000009f88900000,0x0000009f88a00000)]
  0x000001e820a0f800 JavaThread "Attach Listener" daemon [_thread_blocked, id=21996, stack(0x0000009f88a00000,0x0000009f88b00000)]
  0x000001e820a10800 JavaThread "Service Thread" daemon [_thread_blocked, id=29016, stack(0x0000009f88b00000,0x0000009f88c00000)]
  0x000001e820a12800 JavaThread "C2 CompilerThread0" daemon [_thread_blocked, id=12932, stack(0x0000009f88c00000,0x0000009f88d00000)]
  0x000001e820a15800 JavaThread "C1 CompilerThread0" daemon [_thread_blocked, id=26672, stack(0x0000009f88d00000,0x0000009f88e00000)]
  0x000001e820a17000 JavaThread "Sweeper thread" daemon [_thread_blocked, id=11808, stack(0x0000009f88e00000,0x0000009f88f00000)]
  0x000001e820ab0800 JavaThread "Common-Cleaner" daemon [_thread_blocked, id=29004, stack(0x0000009f88f00000,0x0000009f89000000)]
=>0x000001e820d56000 JavaThread "JDWP Transport Listener: dt_socket" daemon [_thread_in_vm, id=30052, stack(0x0000009f89100000,0x0000009f89200000)] _threads_hazard_ptr=0x000001e821310210
  0x000001e820ca1800 JavaThread "JDWP Event Helper Thread" daemon [_thread_blocked, id=30292, stack(0x0000009f89200000,0x0000009f89300000)]
  0x000001e820ca2800 JavaThread "JDWP Command Reader" daemon [_thread_in_native, id=31512, stack(0x0000009f89300000,0x0000009f89400000)]
  0x000001e821319000 JavaThread "Notification Thread" daemon [_thread_blocked, id=25492, stack(0x0000009f89000000,0x0000009f89100000)]

Other Threads:
  0x000001e8201ac000 VMThread "VM Thread" [stack: 0x0000009f88600000,0x0000009f88700000] [id=21692]
  0x000001e821324000 WatcherThread [stack: 0x0000009f89400000,0x0000009f89500000] [id=29872]
  0x000001e80656f000 GCTaskThread "GC Thread#0" [stack: 0x0000009f88100000,0x0000009f88200000] [id=17640]
  0x000001e821373000 GCTaskThread "GC Thread#1" [stack: 0x0000009f89500000,0x0000009f89600000] [id=31484]
  0x000001e821374000 GCTaskThread "GC Thread#2" [stack: 0x0000009f89600000,0x0000009f89700000] [id=29280]
  0x000001e806582000 ConcurrentGCThread "G1 Main Marker" [stack: 0x0000009f88200000,0x0000009f88300000] [id=23724]
  0x000001e806585000 ConcurrentGCThread "G1 Conc#0" [stack: 0x0000009f88300000,0x0000009f88400000] [id=31356]
  0x000001e81ffe0800 ConcurrentGCThread "G1 Refine#0" [stack: 0x0000009f88400000,0x0000009f88500000] [id=23996]
  0x000001e81ffe1800 ConcurrentGCThread "G1 Young RemSet Sampling" [stack: 0x0000009f88500000,0x0000009f88600000] [id=26212]

Threads with active compile tasks:

VM state:not at safepoint (normal execution)

VM Mutex/Monitor currently owned by a thread: None

Heap address: 0x0000000082800000, size: 2008 MB, Compressed Oops mode: 32-bit
Narrow klass base: 0x0000000000000000, Narrow klass shift: 3
Compressed class space size: 1073741824 Address: 0x0000000100000000

Heap:
 garbage-first heap   total 129024K, used 5589K [0x0000000082800000, 0x0000000100000000)
  region size 1024K, 6 young (6144K), 2 survivors (2048K)
 Metaspace       used 12424K, capacity 12660K, committed 12800K, reserved 1060864K
  class space    used 1124K, capacity 1241K, committed 1280K, reserved 1048576K
Heap Regions: E=young(eden), S=young(survivor), O=old, HS=humongous(starts), HC=humongous(continues), CS=collection set, F=free, OA=open archive, CA=closed archive, TAMS=top-at-mark-start (previous, next)
|   0|0x0000000082800000, 0x0000000082875400, 0x0000000082900000| 45%| O|  |TAMS 0x0000000082800000, 0x0000000082800000| Untracked 
|   1|0x0000000082900000, 0x0000000082900000, 0x0000000082a00000|  0%| F|  |TAMS 0x0000000082900000, 0x0000000082900000| Untracked 
|   2|0x0000000082a00000, 0x0000000082a00000, 0x0000000082b00000|  0%| F|  |TAMS 0x0000000082a00000, 0x0000000082a00000| Untracked 
|   3|0x0000000082b00000, 0x0000000082b00000, 0x0000000082c00000|  0%| F|  |TAMS 0x0000000082b00000, 0x0000000082b00000| Untracked 
|   4|0x0000000082c00000, 0x0000000082c00000, 0x0000000082d00000|  0%| F|  |TAMS 0x0000000082c00000, 0x0000000082c00000| Untracked 
|   5|0x0000000082d00000, 0x0000000082d00000, 0x0000000082e00000|  0%| F|  |TAMS 0x0000000082d00000, 0x0000000082d00000| Untracked 
|   6|0x0000000082e00000, 0x0000000082e00000, 0x0000000082f00000|  0%| F|  |TAMS 0x0000000082e00000, 0x0000000082e00000| Untracked 
|   7|0x0000000082f00000, 0x0000000082f00000, 0x0000000083000000|  0%| F|  |TAMS 0x0000000082f00000, 0x0000000082f00000| Untracked 
|   8|0x0000000083000000, 0x0000000083000000, 0x0000000083100000|  0%| F|  |TAMS 0x0000000083000000, 0x0000000083000000| Untracked 
|   9|0x0000000083100000, 0x0000000083100000, 0x0000000083200000|  0%| F|  |TAMS 0x0000000083100000, 0x0000000083100000| Untracked 
|  10|0x0000000083200000, 0x0000000083200000, 0x0000000083300000|  0%| F|  |TAMS 0x0000000083200000, 0x0000000083200000| Untracked 
|  11|0x0000000083300000, 0x0000000083300000, 0x0000000083400000|  0%| F|  |TAMS 0x0000000083300000, 0x0000000083300000| Untracked 
|  12|0x0000000083400000, 0x0000000083400000, 0x0000000083500000|  0%| F|  |TAMS 0x0000000083400000, 0x0000000083400000| Untracked 
|  13|0x0000000083500000, 0x0000000083500000, 0x0000000083600000|  0%| F|  |TAMS 0x0000000083500000, 0x0000000083500000| Untracked 
|  14|0x0000000083600000, 0x0000000083600000, 0x0000000083700000|  0%| F|  |TAMS 0x0000000083600000, 0x0000000083600000| Untracked 
|  15|0x0000000083700000, 0x0000000083700000, 0x0000000083800000|  0%| F|  |TAMS 0x0000000083700000, 0x0000000083700000| Untracked 
|  16|0x0000000083800000, 0x0000000083800000, 0x0000000083900000|  0%| F|  |TAMS 0x0000000083800000, 0x0000000083800000| Untracked 
|  17|0x0000000083900000, 0x0000000083900000, 0x0000000083a00000|  0%| F|  |TAMS 0x0000000083900000, 0x0000000083900000| Untracked 
|  18|0x0000000083a00000, 0x0000000083a00000, 0x0000000083b00000|  0%| F|  |TAMS 0x0000000083a00000, 0x0000000083a00000| Untracked 
|  19|0x0000000083b00000, 0x0000000083b00000, 0x0000000083c00000|  0%| F|  |TAMS 0x0000000083b00000, 0x0000000083b00000| Untracked 
|  20|0x0000000083c00000, 0x0000000083c00000, 0x0000000083d00000|  0%| F|  |TAMS 0x0000000083c00000, 0x0000000083c00000| Untracked 
|  21|0x0000000083d00000, 0x0000000083d00000, 0x0000000083e00000|  0%| F|  |TAMS 0x0000000083d00000, 0x0000000083d00000| Untracked 
|  22|0x0000000083e00000, 0x0000000083e00000, 0x0000000083f00000|  0%| F|  |TAMS 0x0000000083e00000, 0x0000000083e00000| Untracked 
|  23|0x0000000083f00000, 0x0000000083f00000, 0x0000000084000000|  0%| F|  |TAMS 0x0000000083f00000, 0x0000000083f00000| Untracked 
|  24|0x0000000084000000, 0x0000000084000000, 0x0000000084100000|  0%| F|  |TAMS 0x0000000084000000, 0x0000000084000000| Untracked 
|  25|0x0000000084100000, 0x0000000084100000, 0x0000000084200000|  0%| F|  |TAMS 0x0000000084100000, 0x0000000084100000| Untracked 
|  26|0x0000000084200000, 0x0000000084200000, 0x0000000084300000|  0%| F|  |TAMS 0x0000000084200000, 0x0000000084200000| Untracked 
|  27|0x0000000084300000, 0x0000000084300000, 0x0000000084400000|  0%| F|  |TAMS 0x0000000084300000, 0x0000000084300000| Untracked 
|  28|0x0000000084400000, 0x0000000084400000, 0x0000000084500000|  0%| F|  |TAMS 0x0000000084400000, 0x0000000084400000| Untracked 
|  29|0x0000000084500000, 0x0000000084500000, 0x0000000084600000|  0%| F|  |TAMS 0x0000000084500000, 0x0000000084500000| Untracked 
|  30|0x0000000084600000, 0x0000000084600000, 0x0000000084700000|  0%| F|  |TAMS 0x0000000084600000, 0x0000000084600000| Untracked 
|  31|0x0000000084700000, 0x0000000084700000, 0x0000000084800000|  0%| F|  |TAMS 0x0000000084700000, 0x0000000084700000| Untracked 
|  32|0x0000000084800000, 0x0000000084800000, 0x0000000084900000|  0%| F|  |TAMS 0x0000000084800000, 0x0000000084800000| Untracked 
|  33|0x0000000084900000, 0x0000000084900000, 0x0000000084a00000|  0%| F|  |TAMS 0x0000000084900000, 0x0000000084900000| Untracked 
|  34|0x0000000084a00000, 0x0000000084a00000, 0x0000000084b00000|  0%| F|  |TAMS 0x0000000084a00000, 0x0000000084a00000| Untracked 
|  35|0x0000000084b00000, 0x0000000084b00000, 0x0000000084c00000|  0%| F|  |TAMS 0x0000000084b00000, 0x0000000084b00000| Untracked 
|  36|0x0000000084c00000, 0x0000000084c00000, 0x0000000084d00000|  0%| F|  |TAMS 0x0000000084c00000, 0x0000000084c00000| Untracked 
|  37|0x0000000084d00000, 0x0000000084d00000, 0x0000000084e00000|  0%| F|  |TAMS 0x0000000084d00000, 0x0000000084d00000| Untracked 
|  38|0x0000000084e00000, 0x0000000084e00000, 0x0000000084f00000|  0%| F|  |TAMS 0x0000000084e00000, 0x0000000084e00000| Untracked 
|  39|0x0000000084f00000, 0x0000000084f00000, 0x0000000085000000|  0%| F|  |TAMS 0x0000000084f00000, 0x0000000084f00000| Untracked 
|  40|0x0000000085000000, 0x0000000085000000, 0x0000000085100000|  0%| F|  |TAMS 0x0000000085000000, 0x0000000085000000| Untracked 
|  41|0x0000000085100000, 0x0000000085100000, 0x0000000085200000|  0%| F|  |TAMS 0x0000000085100000, 0x0000000085100000| Untracked 
|  42|0x0000000085200000, 0x0000000085200000, 0x0000000085300000|  0%| F|  |TAMS 0x0000000085200000, 0x0000000085200000| Untracked 
|  43|0x0000000085300000, 0x0000000085300000, 0x0000000085400000|  0%| F|  |TAMS 0x0000000085300000, 0x0000000085300000| Untracked 
|  44|0x0000000085400000, 0x0000000085400000, 0x0000000085500000|  0%| F|  |TAMS 0x0000000085400000, 0x0000000085400000| Untracked 
|  45|0x0000000085500000, 0x0000000085500000, 0x0000000085600000|  0%| F|  |TAMS 0x0000000085500000, 0x0000000085500000| Untracked 
|  46|0x0000000085600000, 0x0000000085600000, 0x0000000085700000|  0%| F|  |TAMS 0x0000000085600000, 0x0000000085600000| Untracked 
|  47|0x0000000085700000, 0x0000000085700000, 0x0000000085800000|  0%| F|  |TAMS 0x0000000085700000, 0x0000000085700000| Untracked 
|  48|0x0000000085800000, 0x0000000085800000, 0x0000000085900000|  0%| F|  |TAMS 0x0000000085800000, 0x0000000085800000| Untracked 
|  49|0x0000000085900000, 0x0000000085900000, 0x0000000085a00000|  0%| F|  |TAMS 0x0000000085900000, 0x0000000085900000| Untracked 
|  50|0x0000000085a00000, 0x0000000085a00000, 0x0000000085b00000|  0%| F|  |TAMS 0x0000000085a00000, 0x0000000085a00000| Untracked 
|  51|0x0000000085b00000, 0x0000000085b00000, 0x0000000085c00000|  0%| F|  |TAMS 0x0000000085b00000, 0x0000000085b00000| Untracked 
|  52|0x0000000085c00000, 0x0000000085c00000, 0x0000000085d00000|  0%| F|  |TAMS 0x0000000085c00000, 0x0000000085c00000| Untracked 
|  53|0x0000000085d00000, 0x0000000085d00000, 0x0000000085e00000|  0%| F|  |TAMS 0x0000000085d00000, 0x0000000085d00000| Untracked 
|  54|0x0000000085e00000, 0x0000000085e00000, 0x0000000085f00000|  0%| F|  |TAMS 0x0000000085e00000, 0x0000000085e00000| Untracked 
|  55|0x0000000085f00000, 0x0000000085f00000, 0x0000000086000000|  0%| F|  |TAMS 0x0000000085f00000, 0x0000000085f00000| Untracked 
|  56|0x0000000086000000, 0x0000000086000000, 0x0000000086100000|  0%| F|  |TAMS 0x0000000086000000, 0x0000000086000000| Untracked 
|  57|0x0000000086100000, 0x0000000086100000, 0x0000000086200000|  0%| F|  |TAMS 0x0000000086100000, 0x0000000086100000| Untracked 
|  58|0x0000000086200000, 0x0000000086200000, 0x0000000086300000|  0%| F|  |TAMS 0x0000000086200000, 0x0000000086200000| Untracked 
|  59|0x0000000086300000, 0x0000000086300000, 0x0000000086400000|  0%| F|  |TAMS 0x0000000086300000, 0x0000000086300000| Untracked 
|  60|0x0000000086400000, 0x0000000086400000, 0x0000000086500000|  0%| F|  |TAMS 0x0000000086400000, 0x0000000086400000| Untracked 
|  61|0x0000000086500000, 0x0000000086500000, 0x0000000086600000|  0%| F|  |TAMS 0x0000000086500000, 0x0000000086500000| Untracked 
|  62|0x0000000086600000, 0x0000000086600000, 0x0000000086700000|  0%| F|  |TAMS 0x0000000086600000, 0x0000000086600000| Untracked 
|  63|0x0000000086700000, 0x0000000086700000, 0x0000000086800000|  0%| F|  |TAMS 0x0000000086700000, 0x0000000086700000| Untracked 
|  64|0x0000000086800000, 0x0000000086800000, 0x0000000086900000|  0%| F|  |TAMS 0x0000000086800000, 0x0000000086800000| Untracked 
|  65|0x0000000086900000, 0x0000000086900000, 0x0000000086a00000|  0%| F|  |TAMS 0x0000000086900000, 0x0000000086900000| Untracked 
|  66|0x0000000086a00000, 0x0000000086a00000, 0x0000000086b00000|  0%| F|  |TAMS 0x0000000086a00000, 0x0000000086a00000| Untracked 
|  67|0x0000000086b00000, 0x0000000086b00000, 0x0000000086c00000|  0%| F|  |TAMS 0x0000000086b00000, 0x0000000086b00000| Untracked 
|  68|0x0000000086c00000, 0x0000000086c00000, 0x0000000086d00000|  0%| F|  |TAMS 0x0000000086c00000, 0x0000000086c00000| Untracked 
|  69|0x0000000086d00000, 0x0000000086d00000, 0x0000000086e00000|  0%| F|  |TAMS 0x0000000086d00000, 0x0000000086d00000| Untracked 
|  70|0x0000000086e00000, 0x0000000086e00000, 0x0000000086f00000|  0%| F|  |TAMS 0x0000000086e00000, 0x0000000086e00000| Untracked 
|  71|0x0000000086f00000, 0x0000000086f00000, 0x0000000087000000|  0%| F|  |TAMS 0x0000000086f00000, 0x0000000086f00000| Untracked 
|  72|0x0000000087000000, 0x0000000087000000, 0x0000000087100000|  0%| F|  |TAMS 0x0000000087000000, 0x0000000087000000| Untracked 
|  73|0x0000000087100000, 0x0000000087100000, 0x0000000087200000|  0%| F|  |TAMS 0x0000000087100000, 0x0000000087100000| Untracked 
|  74|0x0000000087200000, 0x0000000087200000, 0x0000000087300000|  0%| F|  |TAMS 0x0000000087200000, 0x0000000087200000| Untracked 
|  75|0x0000000087300000, 0x0000000087300000, 0x0000000087400000|  0%| F|  |TAMS 0x0000000087300000, 0x0000000087300000| Untracked 
|  76|0x0000000087400000, 0x0000000087400000, 0x0000000087500000|  0%| F|  |TAMS 0x0000000087400000, 0x0000000087400000| Untracked 
|  77|0x0000000087500000, 0x0000000087500000, 0x0000000087600000|  0%| F|  |TAMS 0x0000000087500000, 0x0000000087500000| Untracked 
|  78|0x0000000087600000, 0x0000000087600000, 0x0000000087700000|  0%| F|  |TAMS 0x0000000087600000, 0x0000000087600000| Untracked 
|  79|0x0000000087700000, 0x0000000087700000, 0x0000000087800000|  0%| F|  |TAMS 0x0000000087700000, 0x0000000087700000| Untracked 
|  80|0x0000000087800000, 0x0000000087800000, 0x0000000087900000|  0%| F|  |TAMS 0x0000000087800000, 0x0000000087800000| Untracked 
|  81|0x0000000087900000, 0x0000000087900000, 0x0000000087a00000|  0%| F|  |TAMS 0x0000000087900000, 0x0000000087900000| Untracked 
|  82|0x0000000087a00000, 0x0000000087a00000, 0x0000000087b00000|  0%| F|  |TAMS 0x0000000087a00000, 0x0000000087a00000| Untracked 
|  83|0x0000000087b00000, 0x0000000087b00000, 0x0000000087c00000|  0%| F|  |TAMS 0x0000000087b00000, 0x0000000087b00000| Untracked 
|  84|0x0000000087c00000, 0x0000000087c00000, 0x0000000087d00000|  0%| F|  |TAMS 0x0000000087c00000, 0x0000000087c00000| Untracked 
|  85|0x0000000087d00000, 0x0000000087d00000, 0x0000000087e00000|  0%| F|  |TAMS 0x0000000087d00000, 0x0000000087d00000| Untracked 
|  86|0x0000000087e00000, 0x0000000087e00000, 0x0000000087f00000|  0%| F|  |TAMS 0x0000000087e00000, 0x0000000087e00000| Untracked 
|  87|0x0000000087f00000, 0x0000000087f00000, 0x0000000088000000|  0%| F|  |TAMS 0x0000000087f00000, 0x0000000087f00000| Untracked 
|  88|0x0000000088000000, 0x0000000088000000, 0x0000000088100000|  0%| F|  |TAMS 0x0000000088000000, 0x0000000088000000| Untracked 
|  89|0x0000000088100000, 0x0000000088100000, 0x0000000088200000|  0%| F|  |TAMS 0x0000000088100000, 0x0000000088100000| Untracked 
|  90|0x0000000088200000, 0x0000000088200000, 0x0000000088300000|  0%| F|  |TAMS 0x0000000088200000, 0x0000000088200000| Untracked 
|  91|0x0000000088300000, 0x0000000088300000, 0x0000000088400000|  0%| F|  |TAMS 0x0000000088300000, 0x0000000088300000| Untracked 
|  92|0x0000000088400000, 0x0000000088400000, 0x0000000088500000|  0%| F|  |TAMS 0x0000000088400000, 0x0000000088400000| Untracked 
|  93|0x0000000088500000, 0x0000000088500000, 0x0000000088600000|  0%| F|  |TAMS 0x0000000088500000, 0x0000000088500000| Untracked 
|  94|0x0000000088600000, 0x0000000088600000, 0x0000000088700000|  0%| F|  |TAMS 0x0000000088600000, 0x0000000088600000| Untracked 
|  95|0x0000000088700000, 0x0000000088700000, 0x0000000088800000|  0%| F|  |TAMS 0x0000000088700000, 0x0000000088700000| Untracked 
|  96|0x0000000088800000, 0x0000000088800000, 0x0000000088900000|  0%| F|  |TAMS 0x0000000088800000, 0x0000000088800000| Untracked 
|  97|0x0000000088900000, 0x0000000088900000, 0x0000000088a00000|  0%| F|  |TAMS 0x0000000088900000, 0x0000000088900000| Untracked 
|  98|0x0000000088a00000, 0x0000000088a00000, 0x0000000088b00000|  0%| F|  |TAMS 0x0000000088a00000, 0x0000000088a00000| Untracked 
|  99|0x0000000088b00000, 0x0000000088b00000, 0x0000000088c00000|  0%| F|  |TAMS 0x0000000088b00000, 0x0000000088b00000| Untracked 
| 100|0x0000000088c00000, 0x0000000088c00000, 0x0000000088d00000|  0%| F|  |TAMS 0x0000000088c00000, 0x0000000088c00000| Untracked 
| 101|0x0000000088d00000, 0x0000000088d00000, 0x0000000088e00000|  0%| F|  |TAMS 0x0000000088d00000, 0x0000000088d00000| Untracked 
| 102|0x0000000088e00000, 0x0000000088e00000, 0x0000000088f00000|  0%| F|  |TAMS 0x0000000088e00000, 0x0000000088e00000| Untracked 
| 103|0x0000000088f00000, 0x0000000088f00000, 0x0000000089000000|  0%| F|  |TAMS 0x0000000088f00000, 0x0000000088f00000| Untracked 
| 104|0x0000000089000000, 0x0000000089000000, 0x0000000089100000|  0%| F|  |TAMS 0x0000000089000000, 0x0000000089000000| Untracked 
| 105|0x0000000089100000, 0x0000000089100000, 0x0000000089200000|  0%| F|  |TAMS 0x0000000089100000, 0x0000000089100000| Untracked 
| 106|0x0000000089200000, 0x0000000089200000, 0x0000000089300000|  0%| F|  |TAMS 0x0000000089200000, 0x0000000089200000| Untracked 
| 107|0x0000000089300000, 0x0000000089300000, 0x0000000089400000|  0%| F|  |TAMS 0x0000000089300000, 0x0000000089300000| Untracked 
| 108|0x0000000089400000, 0x0000000089400000, 0x0000000089500000|  0%| F|  |TAMS 0x0000000089400000, 0x0000000089400000| Untracked 
| 109|0x0000000089500000, 0x0000000089500000, 0x0000000089600000|  0%| F|  |TAMS 0x0000000089500000, 0x0000000089500000| Untracked 
| 110|0x0000000089600000, 0x0000000089600000, 0x0000000089700000|  0%| F|  |TAMS 0x0000000089600000, 0x0000000089600000| Untracked 
| 111|0x0000000089700000, 0x0000000089800000, 0x0000000089800000|100%| S|CS|TAMS 0x0000000089700000, 0x0000000089700000| Complete 
| 112|0x0000000089800000, 0x0000000089900000, 0x0000000089900000|100%| S|CS|TAMS 0x0000000089800000, 0x0000000089800000| Complete 
| 113|0x0000000089900000, 0x0000000089900000, 0x0000000089a00000|  0%| F|  |TAMS 0x0000000089900000, 0x0000000089900000| Untracked 
| 114|0x0000000089a00000, 0x0000000089a00000, 0x0000000089b00000|  0%| F|  |TAMS 0x0000000089a00000, 0x0000000089a00000| Untracked 
| 115|0x0000000089b00000, 0x0000000089b00000, 0x0000000089c00000|  0%| F|  |TAMS 0x0000000089b00000, 0x0000000089b00000| Untracked 
| 116|0x0000000089c00000, 0x0000000089c00000, 0x0000000089d00000|  0%| F|  |TAMS 0x0000000089c00000, 0x0000000089c00000| Untracked 
| 117|0x0000000089d00000, 0x0000000089d00000, 0x0000000089e00000|  0%| F|  |TAMS 0x0000000089d00000, 0x0000000089d00000| Untracked 
| 118|0x0000000089e00000, 0x0000000089e00000, 0x0000000089f00000|  0%| F|  |TAMS 0x0000000089e00000, 0x0000000089e00000| Untracked 
| 119|0x0000000089f00000, 0x0000000089f00000, 0x000000008a000000|  0%| F|  |TAMS 0x0000000089f00000, 0x0000000089f00000| Untracked 
| 120|0x000000008a000000, 0x000000008a000000, 0x000000008a100000|  0%| F|  |TAMS 0x000000008a000000, 0x000000008a000000| Untracked 
| 121|0x000000008a100000, 0x000000008a100000, 0x000000008a200000|  0%| F|  |TAMS 0x000000008a100000, 0x000000008a100000| Untracked 
| 122|0x000000008a200000, 0x000000008a2c5fa8, 0x000000008a300000| 77%| E|  |TAMS 0x000000008a200000, 0x000000008a200000| Complete 
| 123|0x000000008a300000, 0x000000008a400000, 0x000000008a400000|100%| E|CS|TAMS 0x000000008a300000, 0x000000008a300000| Complete 
| 124|0x000000008a400000, 0x000000008a500000, 0x000000008a500000|100%| E|CS|TAMS 0x000000008a400000, 0x000000008a400000| Complete 
| 125|0x000000008a500000, 0x000000008a600000, 0x000000008a600000|100%| E|CS|TAMS 0x000000008a500000, 0x000000008a500000| Complete 

Card table byte_map: [0x000001e8195f0000,0x000001e8199e0000] _byte_map_base: 0x000001e8191dc000

Marking Bits (Prev, Next): (CMBitMap*) 0x000001e806571c18, (CMBitMap*) 0x000001e806571c58
 Prev Bits: [0x000001e819dd0000, 0x000001e81bd30000)
 Next Bits: [0x000001e81bd30000, 0x000001e81dc90000)

Polling page: 0x000001e804450000

Metaspace:

Usage:
  Non-class:     11.15 MB capacity,    11.04 MB ( 99%) used,   104.02 KB ( <1%) free+waste,    14.88 KB ( <1%) overhead. 
      Class:      1.21 MB capacity,     1.10 MB ( 91%) used,   110.06 KB (  9%) free+waste,     6.38 KB ( <1%) overhead. 
       Both:     12.36 MB capacity,    12.13 MB ( 98%) used,   214.08 KB (  2%) free+waste,    21.25 KB ( <1%) overhead. 

Virtual space:
  Non-class space:       12.00 MB reserved,      11.25 MB ( 94%) committed 
      Class space:        1.00 GB reserved,       1.25 MB ( <1%) committed 
             Both:        1.01 GB reserved,      12.50 MB (  1%) committed 

Chunk freelists:
   Non-Class:  37.00 KB
       Class:  7.00 KB
        Both:  44.00 KB

MaxMetaspaceSize: 17179869184.00 GB
CompressedClassSpaceSize: 1.00 GB

CodeHeap 'non-profiled nmethods': size=120000Kb used=313Kb max_used=313Kb free=119686Kb
 bounds [0x000001e811cd0000, 0x000001e811f40000, 0x000001e819200000]
CodeHeap 'profiled nmethods': size=120000Kb used=1549Kb max_used=1549Kb free=118450Kb
 bounds [0x000001e80a7a0000, 0x000001e80aa10000, 0x000001e811cd0000]
CodeHeap 'non-nmethods': size=5760Kb used=1255Kb max_used=1271Kb free=4504Kb
 bounds [0x000001e80a200000, 0x000001e80a470000, 0x000001e80a7a0000]
 total_blobs=1338 nmethods=913 adapters=338
 compilation: enabled
              stopped_count=0, restarted_count=0
 full_count=0

Compilation events (20 events):
Event: 4476.279 Thread 0x000001e820a15800  909       3       org.eclipse.jdt.launching.internal.org.objectweb.asm.ByteVector::encodeUtf8 (337 bytes)
Event: 4476.284 Thread 0x000001e820a15800 nmethod 909 0x000001e80a918210 code [0x000001e80a918520, 0x000001e80a9197f8]
Event: 4502.641 Thread 0x000001e820a15800  910       3       org.eclipse.jdt.launching.internal.org.objectweb.asm.ClassReader::<init> (371 bytes)
Event: 4502.654 Thread 0x000001e820a15800 

Event: 4502.654 Thread 0x000001e820a15800  911       3       org.eclipse.jdt.launching.internal.org.objectweb.asm.SymbolTable::<init> (536 bytes)
Event: 4502.666 Thread 0x000001e820a15800 nmethod 911 0x000001e80a91a190 code [0x000001e80a91a940, 0x000001e80a91ef78]
Event: 4977.972 Thread 0x000001e820a15800  912       3       org.eclipse.jdt.launching.internal.org.objectweb.asm.ClassWriter::toByteArray (1535 bytes)
Event: 4977.992 Thread 0x000001e820a15800 

Event: 5287.926 Thread 0x000001e820a15800  913       3       org.eclipse.jdt.launching.internal.org.objectweb.asm.ClassReader::<init> (371 bytes)
Event: 5287.937 Thread 0x000001e820a15800 

Event: 11705.236 Thread 0x000001e820a15800  915       3       org.eclipse.jdt.launching.internal.org.objectweb.asm.ClassReader::<init> (371 bytes)
Event: 11705.246 Thread 0x000001e820a15800 

Event: 11886.232 Thread 0x000001e820a15800  916       3       org.eclipse.jdt.launching.internal.org.objectweb.asm.ClassReader::readConst (276 bytes)
Event: 11886.290 Thread 0x000001e820a15800 

Event: 11886.290 Thread 0x000001e820a15800  917       3       org.eclipse.jdt.launching.internal.org.objectweb.asm.ByteVector::putUTF8 (144 bytes)
Event: 11886.475 Thread 0x000001e820a15800 nmethod 917 0x000001e80a921390 code [0x000001e80a921600, 0x000001e80a922108]
Event: 11977.184 Thread 0x000001e820a15800  918       3       org.eclipse.jdt.launching.internal.org.objectweb.asm.ClassReader::getFirstAttributeOffset (136 bytes)
Event: 11977.185 Thread 0x000001e820a15800 nmethod 918 0x000001e80a922690 code [0x000001e80a9228c0, 0x000001e80a923198]
Event: 11977.185 Thread 0x000001e820a15800  919       3       org.eclipse.jdt.launching.internal.org.objectweb.asm.ClassReader::accept (1383 bytes)
Event: 11977.280 Thread 0x000001e820a15800 


GC Heap History (2 events):
Event: 7.009 GC heap before
{Heap before GC invocations=0 (full 0):
 garbage-first heap   total 129024K, used 13312K [0x0000000082800000, 0x0000000100000000)
  region size 1024K, 13 young (13312K), 0 survivors (0K)
 Metaspace       used 11489K, capacity 11773K, committed 11904K, reserved 1060864K
  class space    used 1031K, capacity 1136K, committed 1152K, reserved 1048576K
}
Event: 7.013 GC heap after
{Heap after GC invocations=1 (full 0):
 garbage-first heap   total 129024K, used 2517K [0x0000000082800000, 0x0000000100000000)
  region size 1024K, 2 young (2048K), 2 survivors (2048K)
 Metaspace       used 11489K, capacity 11773K, committed 11904K, reserved 1060864K
  class space    used 1031K, capacity 1136K, committed 1152K, reserved 1048576K
}

Deoptimization events (20 events):
Event: 7.097 Thread 0x000001e806533800 DEOPT PACKING pc=0x000001e80a90a75c sp=0x0000009f880feaa0
Event: 7.097 Thread 0x000001e806533800 DEOPT UNPACKING pc=0x000001e80a24964e sp=0x0000009f880fdfb8 mode 0
Event: 7.097 Thread 0x000001e806533800 DEOPT PACKING pc=0x000001e80a90a75c sp=0x0000009f880feaa0
Event: 7.097 Thread 0x000001e806533800 DEOPT UNPACKING pc=0x000001e80a24964e sp=0x0000009f880fdfb8 mode 0
Event: 7.098 Thread 0x000001e806533800 DEOPT PACKING pc=0x000001e80a90a75c sp=0x0000009f880feaa0
Event: 7.098 Thread 0x000001e806533800 DEOPT UNPACKING pc=0x000001e80a24964e sp=0x0000009f880fdfb8 mode 0
Event: 7.098 Thread 0x000001e806533800 DEOPT PACKING pc=0x000001e80a90a75c sp=0x0000009f880feaa0
Event: 7.098 Thread 0x000001e806533800 DEOPT UNPACKING pc=0x000001e80a24964e sp=0x0000009f880fdfb8 mode 0
Event: 7.098 Thread 0x000001e806533800 DEOPT PACKING pc=0x000001e80a90a75c sp=0x0000009f880feaa0
Event: 7.098 Thread 0x000001e806533800 DEOPT UNPACKING pc=0x000001e80a24964e sp=0x0000009f880fdfb8 mode 0
Event: 7.098 Thread 0x000001e806533800 DEOPT PACKING pc=0x000001e80a90a75c sp=0x0000009f880feaa0
Event: 7.098 Thread 0x000001e806533800 DEOPT UNPACKING pc=0x000001e80a24964e sp=0x0000009f880fdfb8 mode 0
Event: 7.098 Thread 0x000001e806533800 DEOPT PACKING pc=0x000001e80a90a75c sp=0x0000009f880feaa0
Event: 7.098 Thread 0x000001e806533800 DEOPT UNPACKING pc=0x000001e80a24964e sp=0x0000009f880fdfb8 mode 0
Event: 7.099 Thread 0x000001e806533800 DEOPT PACKING pc=0x000001e80a90a75c sp=0x0000009f880feaa0
Event: 7.099 Thread 0x000001e806533800 DEOPT UNPACKING pc=0x000001e80a24964e sp=0x0000009f880fdfb8 mode 0
Event: 7.105 Thread 0x000001e806533800 Uncommon trap: trap_request=0xffffff45 fr.pc=0x000001e811d1b3bc relative=0x00000000000008dc
Event: 7.105 Thread 0x000001e806533800 Uncommon trap: reason=unstable_if action=reinterpret pc=0x000001e811d1b3bc method=org.sqlite.SQLiteJDBCLoader.contentsEquals(Ljava/io/InputStream;Ljava/io/InputStream;)Z @ 39 c2
Event: 7.105 Thread 0x000001e806533800 DEOPT PACKING pc=0x000001e811d1b3bc sp=0x0000009f880feae0
Event: 7.105 Thread 0x000001e806533800 DEOPT UNPACKING pc=0x000001e80a24912f sp=0x0000009f880feab8 mode 2

Classes unloaded (0 events):
No events

Classes redefined (15 events):
Event: 320.064 Thread 0x000001e8201ac000 redefined class name=com.ipartek.modelo.PerroDAOSqlite, count=1
Event: 342.086 Thread 0x000001e8201ac000 redefined class name=com.ipartek.modelo.PerroDAOSqlite, count=2
Event: 680.290 Thread 0x000001e8201ac000 redefined class name=com.ipartek.modelo.PerroDAOSqlite, count=3
Event: 966.282 Thread 0x000001e8201ac000 redefined class name=com.ipartek.apps.AppPerreras, count=1
Event: 4502.647 Thread 0x000001e8201ac000 redefined class name=com.ipartek.apps.AppPerreras, count=2
Event: 4857.828 Thread 0x000001e8201ac000 redefined class name=com.ipartek.apps.AppPerreras, count=3
Event: 4977.977 Thread 0x000001e8201ac000 redefined class name=com.ipartek.apps.AppPerreras, count=4
Event: 5020.886 Thread 0x000001e8201ac000 redefined class name=com.ipartek.apps.AppPerreras, count=5
Event: 5287.932 Thread 0x000001e8201ac000 redefined class name=com.ipartek.apps.AppPerreras, count=6
Event: 5321.282 Thread 0x000001e8201ac000 redefined class name=com.ipartek.apps.AppPerreras, count=7
Event: 11507.033 Thread 0x000001e8201ac000 redefined class name=com.ipartek.apps.AppPerreras, count=8
Event: 11560.433 Thread 0x000001e8201ac000 redefined class name=com.ipartek.apps.AppPerreras, count=9
Event: 11705.241 Thread 0x000001e8201ac000 redefined class name=com.ipartek.apps.AppPerreras, count=10
Event: 11886.275 Thread 0x000001e8201ac000 redefined class name=com.ipartek.apps.AppPerreras, count=11
Event: 11977.216 Thread 0x000001e8201ac000 redefined class name=com.ipartek.apps.AppPerreras, count=12

Internal exceptions (4 events):
Event: 1.167 Thread 0x000001e806533800 Exception <a 'java/lang/NoSuchMethodError'{0x000000008a0e7e48}: 'int java.lang.invoke.DirectMethodHandle$Holder.invokeSpecialIFC(java.lang.Object, java.lang.Object, int)'> (0x000000008a0e7e48) 
thrown [./open/src/hotspot/share/interpreter/linkResolver.cpp, line 766]
Event: 7.023 Thread 0x000001e806533800 Exception <a 'java/lang/NoSuchMethodError'{0x000000008a540e78}: 'java.lang.Object java.lang.invoke.DirectMethodHandle$Holder.invokeStaticInit(java.lang.Object, int, int, int, int)'> (0x000000008a540e78) 
thrown [./open/src/hotspot/share/interpreter/linkResolver.cpp, line 766]
Event: 7.071 Thread 0x000001e806533800 Exception <a 'java/lang/NoSuchMethodError'{0x000000008a5ecfa0}: 'java.lang.Object java.lang.invoke.DirectMethodHandle$Holder.invokeStaticInit(java.lang.Object, java.lang.Object, int, int, int, int)'> (0x000000008a5ecfa0) 
thrown [./open/src/hotspot/share/interpreter/linkResolver.cpp, line 766]
Event: 12284.889 Thread 0x000001e820d56000 Exception <a 'java/lang/LinkageError'{0x000000008a2b9948}> (0x000000008a2b9948) 
thrown [./open/src/hotspot/share/oops/generateOopMap.cpp, line 2140]

Events (20 events):
Event: 12284.456 Executing VM operation: GetFrameCount
Event: 12284.456 Executing VM operation: GetFrameCount done
Event: 12284.457 Executing VM operation: GetOwnedMonitorInfo
Event: 12284.457 Executing VM operation: GetOwnedMonitorInfo done
Event: 12284.457 Executing VM operation: GetCurrentContendedMonitor
Event: 12284.457 Executing VM operation: GetCurrentContendedMonitor done
Event: 12284.457 Executing VM operation: GetOwnedMonitorInfo
Event: 12284.457 Executing VM operation: GetOwnedMonitorInfo done
Event: 12284.457 Executing VM operation: GetCurrentContendedMonitor
Event: 12284.457 Executing VM operation: GetCurrentContendedMonitor done
Event: 12284.458 Executing VM operation: GetCurrentContendedMonitor
Event: 12284.458 Executing VM operation: GetCurrentContendedMonitor done
Event: 12284.458 Executing VM operation: GetOwnedMonitorInfo
Event: 12284.458 Executing VM operation: GetOwnedMonitorInfo done
Event: 12284.474 Executing VM operation: GetFrameCount
Event: 12284.474 Executing VM operation: GetFrameCount done
Event: 12284.475 Executing VM operation: GetOwnedMonitorInfo
Event: 12284.475 Executing VM operation: GetOwnedMonitorInfo done
Event: 12284.475 Executing VM operation: GetCurrentContendedMonitor
Event: 12284.475 Executing VM operation: GetCurrentContendedMonitor done


Dynamic libraries:
0x00007ff71f000000 - 0x00007ff71f00d000 	C:\Users\HP\.p2\pool\plugins\org.eclipse.justj.openjdk.hotspot.jre.full.win32.x86_64_14.0.2.v20200815-0932\jre\bin\javaw.exe
0x00007ff9ae810000 - 0x00007ff9aea06000 	C:\WINDOWS\SYSTEM32\ntdll.dll
0x00007ff9ace00000 - 0x00007ff9acebd000 	C:\WINDOWS\System32\KERNEL32.DLL
0x00007ff9ac190000 - 0x00007ff9ac458000 	C:\WINDOWS\System32\KERNELBASE.dll
0x00007ff9ac640000 - 0x00007ff9ac740000 	C:\WINDOWS\System32\ucrtbase.dll
0x00007ff9a6d70000 - 0x00007ff9a6d85000 	C:\Users\HP\.p2\pool\plugins\org.eclipse.justj.openjdk.hotspot.jre.full.win32.x86_64_14.0.2.v20200815-0932\jre\bin\VCRUNTIME140.dll
0x00007ff99e740000 - 0x00007ff99e758000 	C:\Users\HP\.p2\pool\plugins\org.eclipse.justj.openjdk.hotspot.jre.full.win32.x86_64_14.0.2.v20200815-0932\jre\bin\jli.dll
0x00007ff9adb50000 - 0x00007ff9adcf0000 	C:\WINDOWS\System32\USER32.dll
0x00007ff9abfd0000 - 0x00007ff9abff2000 	C:\WINDOWS\System32\win32u.dll
0x00007ff994d00000 - 0x00007ff994f9b000 	C:\WINDOWS\WinSxS\amd64_microsoft.windows.common-controls_6595b64144ccf1df_6.0.19041.488_none_ca04af081b815d21\COMCTL32.dll
0x00007ff9ad000000 - 0x00007ff9ad02a000 	C:\WINDOWS\System32\GDI32.dll
0x00007ff9ac740000 - 0x00007ff9ac849000 	C:\WINDOWS\System32\gdi32full.dll
0x00007ff9abf30000 - 0x00007ff9abfcd000 	C:\WINDOWS\System32\msvcp_win.dll
0x00007ff9ad9e0000 - 0x00007ff9ada7e000 	C:\WINDOWS\System32\msvcrt.dll
0x00007ff9acc10000 - 0x00007ff9acc40000 	C:\WINDOWS\System32\IMM32.DLL
0x00007ff973cc0000 - 0x00007ff973d5b000 	C:\Users\HP\.p2\pool\plugins\org.eclipse.justj.openjdk.hotspot.jre.full.win32.x86_64_14.0.2.v20200815-0932\jre\bin\msvcp140.dll
0x00007ff93aa80000 - 0x00007ff93b59e000 	C:\Users\HP\.p2\pool\plugins\org.eclipse.justj.openjdk.hotspot.jre.full.win32.x86_64_14.0.2.v20200815-0932\jre\bin\server\jvm.dll
0x00007ff9ae6f0000 - 0x00007ff9ae79a000 	C:\WINDOWS\System32\ADVAPI32.dll
0x00007ff9ade90000 - 0x00007ff9adf2b000 	C:\WINDOWS\System32\sechost.dll
0x00007ff9ad8b0000 - 0x00007ff9ad9d4000 	C:\WINDOWS\System32\RPCRT4.dll
0x00007ff9ada80000 - 0x00007ff9ada88000 	C:\WINDOWS\System32\PSAPI.DLL
0x00007ff998180000 - 0x00007ff9981a7000 	C:\WINDOWS\SYSTEM32\WINMM.dll
0x00007ff998290000 - 0x00007ff998299000 	C:\WINDOWS\SYSTEM32\WSOCK32.dll
0x00007ff9a3940000 - 0x00007ff9a394a000 	C:\WINDOWS\SYSTEM32\VERSION.dll
0x00007ff9ade20000 - 0x00007ff9ade8b000 	C:\WINDOWS\System32\WS2_32.dll
0x00007ff9aaae0000 - 0x00007ff9aaaf2000 	C:\WINDOWS\SYSTEM32\kernel.appcore.dll
0x00007ff9a8e90000 - 0x00007ff9a8e9a000 	C:\Users\HP\.p2\pool\plugins\org.eclipse.justj.openjdk.hotspot.jre.full.win32.x86_64_14.0.2.v20200815-0932\jre\bin\jimage.dll
0x00007ff9aa550000 - 0x00007ff9aa734000 	C:\WINDOWS\SYSTEM32\DBGHELP.DLL
0x00007ff997690000 - 0x00007ff9976bc000 	C:\WINDOWS\SYSTEM32\dbgcore.DLL
0x00007ff9ac4c0000 - 0x00007ff9ac53f000 	C:\WINDOWS\System32\bcryptPrimitives.dll
0x00007ff9960f0000 - 0x00007ff996128000 	C:\Users\HP\.p2\pool\plugins\org.eclipse.justj.openjdk.hotspot.jre.full.win32.x86_64_14.0.2.v20200815-0932\jre\bin\jdwp.dll
0x00007ff97eaa0000 - 0x00007ff97eac5000 	C:\Users\HP\.p2\pool\plugins\org.eclipse.justj.openjdk.hotspot.jre.full.win32.x86_64_14.0.2.v20200815-0932\jre\bin\java.dll
0x00007ff9a62e0000 - 0x00007ff9a62ee000 	C:\Users\HP\.p2\pool\plugins\org.eclipse.justj.openjdk.hotspot.jre.full.win32.x86_64_14.0.2.v20200815-0932\jre\bin\instrument.dll
0x00007ff99e770000 - 0x00007ff99e786000 	C:\Users\HP\.p2\pool\plugins\org.eclipse.justj.openjdk.hotspot.jre.full.win32.x86_64_14.0.2.v20200815-0932\jre\bin\zip.dll
0x00007ff9ad030000 - 0x00007ff9ad770000 	C:\WINDOWS\System32\SHELL32.dll
0x00007ff9a9cb0000 - 0x00007ff9aa444000 	C:\WINDOWS\SYSTEM32\windows.storage.dll
0x00007ff9ac8b0000 - 0x00007ff9acc05000 	C:\WINDOWS\System32\combase.dll
0x00007ff9ab9a0000 - 0x00007ff9ab9cc000 	C:\WINDOWS\SYSTEM32\Wldp.dll
0x00007ff9ad800000 - 0x00007ff9ad8ae000 	C:\WINDOWS\System32\SHCORE.dll
0x00007ff9acfa0000 - 0x00007ff9acff5000 	C:\WINDOWS\System32\shlwapi.dll
0x00007ff9abe60000 - 0x00007ff9abe86000 	C:\WINDOWS\SYSTEM32\profapi.dll
0x00007ff99faf0000 - 0x00007ff99fafb000 	C:\Users\HP\.p2\pool\plugins\org.eclipse.justj.openjdk.hotspot.jre.full.win32.x86_64_14.0.2.v20200815-0932\jre\bin\dt_socket.dll
0x00007ff9ab340000 - 0x00007ff9ab37b000 	C:\WINDOWS\SYSTEM32\IPHLPAPI.DLL
0x00007ff9ab6b0000 - 0x00007ff9ab71a000 	C:\WINDOWS\system32\mswsock.dll
0x00007ff9ab380000 - 0x00007ff9ab44b000 	C:\WINDOWS\SYSTEM32\DNSAPI.dll
0x00007ff9adb40000 - 0x00007ff9adb49000 	C:\WINDOWS\System32\NSI.dll
0x00007ff9a3610000 - 0x00007ff9a361a000 	C:\Windows\System32\rasadhlp.dll
0x00007ff9a0950000 - 0x00007ff9a09cf000 	C:\WINDOWS\System32\fwpuclnt.dll
0x00007ff9ac000000 - 0x00007ff9ac027000 	C:\WINDOWS\System32\bcrypt.dll
0x00007ff998400000 - 0x00007ff998419000 	C:\Users\HP\.p2\pool\plugins\org.eclipse.justj.openjdk.hotspot.jre.full.win32.x86_64_14.0.2.v20200815-0932\jre\bin\net.dll
0x00007ff9a3220000 - 0x00007ff9a3320000 	C:\WINDOWS\SYSTEM32\WINHTTP.dll
0x00007ff97df00000 - 0x00007ff97df12000 	C:\Users\HP\.p2\pool\plugins\org.eclipse.justj.openjdk.hotspot.jre.full.win32.x86_64_14.0.2.v20200815-0932\jre\bin\nio.dll
0x00007ff9a70b0000 - 0x00007ff9a70c0000 	C:\Users\HP\.p2\pool\plugins\org.eclipse.justj.openjdk.hotspot.jre.full.win32.x86_64_14.0.2.v20200815-0932\jre\bin\verify.dll
0x00007ff9ab890000 - 0x00007ff9ab8a8000 	C:\WINDOWS\SYSTEM32\CRYPTSP.dll
0x00007ff9aafe0000 - 0x00007ff9ab014000 	C:\WINDOWS\system32\rsaenh.dll
0x00007ff9abde0000 - 0x00007ff9abe0e000 	C:\WINDOWS\SYSTEM32\USERENV.dll
0x00007ff9ab880000 - 0x00007ff9ab88c000 	C:\WINDOWS\SYSTEM32\CRYPTBASE.dll
0x00007ff9a80e0000 - 0x00007ff9a80f7000 	C:\WINDOWS\SYSTEM32\dhcpcsvc6.DLL
0x00007ff9a7180000 - 0x00007ff9a719d000 	C:\WINDOWS\SYSTEM32\dhcpcsvc.DLL
0x0000000067780000 - 0x0000000067856000 	C:\Users\HP\AppData\Local\Temp\sqlite-3.32.3.2-4d171c11-1a73-4035-a15a-1e0ca42c6a37-sqlitejdbc.dll

dbghelp: loaded successfully - version: 4.0.5 - missing functions: none
symbol engine: initialized successfully - sym options: 0x614 - pdb path: .;C:\Users\HP\.p2\pool\plugins\org.eclipse.justj.openjdk.hotspot.jre.full.win32.x86_64_14.0.2.v20200815-0932\jre\bin;C:\WINDOWS\SYSTEM32;C:\WINDOWS\WinSxS\amd64_microsoft.windows.common-controls_6595b64144ccf1df_6.0.19041.488_none_ca04af081b815d21;C:\Users\HP\.p2\pool\plugins\org.eclipse.justj.openjdk.hotspot.jre.full.win32.x86_64_14.0.2.v20200815-0932\jre\bin\server;C:\Users\HP\AppData\Local\Temp

VM Arguments:
jvm_args: -XX:+ShowCodeDetailsInExceptionMessages -agentlib:jdwp=transport=dt_socket,suspend=y,address=localhost:57881 -javaagent:C:\Users\HP\eclipse\jee-2020-09\eclipse\configuration\org.eclipse.osgi\406\0\.cp\lib\javaagent-shaded.jar -Dfile.encoding=Cp1252 
java_command: com.ipartek.apps.AppPerreras
java_class_path (initial): C:\Users\HP\Music\Ipartek\JavaProjectsIpartek\exercise\bin;C:\Users\HP\.p2\pool\plugins\org.junit.jupiter.api_5.6.0.v20200203-2009.jar;C:\Users\HP\.p2\pool\plugins\org.junit.jupiter.engine_5.6.0.v20200203-2009.jar;C:\Users\HP\.p2\pool\plugins\org.junit.jupiter.migrationsupport_5.6.0.v20200203-2009.jar;C:\Users\HP\.p2\pool\plugins\org.junit.jupiter.params_5.6.0.v20200203-2009.jar;C:\Users\HP\.p2\pool\plugins\org.junit.platform.commons_1.6.0.v20200203-2009.jar;C:\Users\HP\.p2\pool\plugins\org.junit.platform.engine_1.6.0.v20200203-2009.jar;C:\Users\HP\.p2\pool\plugins\org.junit.platform.launcher_1.6.0.v20200203-2009.jar;C:\Users\HP\.p2\pool\plugins\org.junit.platform.runner_1.6.0.v20200203-2009.jar;C:\Users\HP\.p2\pool\plugins\org.junit.platform.suite.api_1.6.0.v20200203-2009.jar;C:\Users\HP\.p2\pool\plugins\org.junit.vintage.engine_5.6.0.v20200203-2009.jar;C:\Users\HP\.p2\pool\plugins\org.opentest4j_1.2.0.v20190826-0900.jar;C:\Users\HP\.p2\pool\plugins\org.apiguardian_1.1.0.v20190826-0900.jar;C:\Users\HP\.p2\pool\plugins\org.junit_4.13.0.v20200204-1500.jar;C:\Users\HP\.p2\pool\plugins\org.hamcrest.core_1.3.0.v20180420-1519.jar;C:\Users\HP\Music\Ipartek\JavaProjectsIpartek\exercise\libs\sqlite-jdbc-3.32.3.2.jar
Launcher Type: SUN_STANDARD

[Global flags]
     intx CICompilerCount                          = 3                                         {product} {ergonomic}
     uint ConcGCThreads                            = 1                                         {product} {ergonomic}
     uint G1ConcRefinementThreads                  = 4                                         {product} {ergonomic}
   size_t G1HeapRegionSize                         = 1048576                                   {product} {ergonomic}
    uintx GCDrainStackTargetSize                   = 64                                        {product} {ergonomic}
   size_t InitialHeapSize                          = 132120576                                 {product} {ergonomic}
   size_t MarkStackSize                            = 4194304                                   {product} {ergonomic}
   size_t MaxHeapSize                              = 2105540608                                {product} {ergonomic}
   size_t MaxNewSize                               = 1262485504                                {product} {ergonomic}
   size_t MinHeapDeltaBytes                        = 1048576                                   {product} {ergonomic}
   size_t MinHeapSize                              = 8388608                                   {product} {ergonomic}
    uintx NonNMethodCodeHeapSize                   = 5832780                                {pd product} {ergonomic}
    uintx NonProfiledCodeHeapSize                  = 122912730                              {pd product} {ergonomic}
    uintx ProfiledCodeHeapSize                     = 122912730                              {pd product} {ergonomic}
    uintx ReservedCodeCacheSize                    = 251658240                              {pd product} {ergonomic}
     bool SegmentedCodeCache                       = true                                      {product} {ergonomic}
     bool ShowCodeDetailsInExceptionMessages       = true                                   {manageable} {command line}
   size_t SoftMaxHeapSize                          = 2105540608                             {manageable} {ergonomic}
     bool UseCompressedClassPointers               = true                                 {lp64_product} {ergonomic}
     bool UseCompressedOops                        = true                                 {lp64_product} {ergonomic}
     bool UseG1GC                                  = true                                      {product} {ergonomic}
     bool UseLargePagesIndividualAllocation        = false                                  {pd product} {ergonomic}

Logging:
Log output configuration:
 #0: stdout all=warning uptime,level,tags
 #1: stderr all=off uptime,level,tags

Environment Variables:
PATH=C:\Users\HP\.p2\pool\plugins\org.eclipse.justj.openjdk.hotspot.jre.full.win32.x86_64_14.0.2.v20200815-0932\jre\bin;C:/Users/HP/.p2/pool/plugins/org.eclipse.justj.openjdk.hotspot.jre.full.win32.x86_64_14.0.2.v20200815-0932/jre/bin/server;C:/Users/HP/.p2/pool/plugins/org.eclipse.justj.openjdk.hotspot.jre.full.win32.x86_64_14.0.2.v20200815-0932/jre/bin;C:\Program Files\AdoptOpenJDK\jdk-8.0.265.01-hotspot\bin;C:\Program Files (x86)\Intel\Intel(R) Management Engine Components\iCLS\;C:\Program Files\Intel\Intel(R) Management Engine Components\iCLS\;C:\WINDOWS\system32;C:\WINDOWS;C:\WINDOWS\System32\Wbem;C:\WINDOWS\System32\WindowsPowerShell\v1.0\;C:\WINDOWS\System32\OpenSSH\;C:\Program Files (x86)\Intel\Intel(R) Management Engine Components\DAL;C:\Program Files\Intel\Intel(R) Management Engine Components\DAL;C:\Program Files (x86)\Intel\Intel(R) Management Engine Components\IPT;C:\Program Files\Intel\Intel(R) Management Engine Components\IPT;C:\Program Files\nodejs\;C:\Program Files\Git\cmd;C:\Program Files (x86)\Yarn\bin\;C:\sqlite;C:\sqlite;C:\Users\HP\Desktop;
USERNAME=HP
OS=Windows_NT
PROCESSOR_IDENTIFIER=Intel64 Family 6 Model 142 Stepping 10, GenuineIntel



---------------  S Y S T E M  ---------------

OS: Windows 10 , 64 bit Build 19041 (10.0.19041.546)
OS uptime: 2 days 6:33 hours

CPU:total 4 (initial active 4) (2 cores per cpu, 2 threads per core) family 6 model 142 stepping 10, cmov, cx8, fxsr, mmx, sse, sse2, sse3, ssse3, sse4.1, sse4.2, popcnt, avx, avx2, aes, clmul, erms, 3dnowpref, lzcnt, ht, tsc, tscinvbit, bmi1, bmi2, adx, fma

Memory: 4k page, system-wide physical 8026M (2149M free)
TotalPageFile size 14682M (AvailPageFile size 3237M)
current process WorkingSet (physical memory assigned to process): 44M, peak: 67M
current process commit charge ("private bytes"): 205M, peak: 209M

vm_info: OpenJDK 64-Bit Server VM (14.0.2+12-46) for windows-amd64 JRE (14.0.2+12-46), built on Jul  9 2020 00:31:16 by "mach5one" with MS VC++ 15.9 (VS2017)

END.
